<testsuites id="" name="" tests="6" failures="3" skipped="0" errors="0" time="2.1237719999999998">
<testsuite name="api/user-api.spec.ts" timestamp="2025-05-07T08:45:44.179Z" hostname="firefox" tests="2" failures="1" skipped="0" time="1.306" errors="0">
<testcase name="GET heathly - status 200 @smoke" classname="api/user-api.spec.ts" time="0.864">
</testcase>
<testcase name="POST login - status 201 and data check @smoke" classname="api/user-api.spec.ts" time="0.442">
<failure message="user-api.spec.ts:23:5 POST login - status 201 and data check @smoke" type="FAILURE">
<![CDATA[  [firefox] › api/user-api.spec.ts:23:5 › POST login - status 201 and data check @smoke ────────────

    Error: toBeOK can be only used with APIResponse object

       8 |   
       9 |     const responseBody = await response.json();
    > 10 |     expect(responseBody.data).toBeOK();
         |                               ^
      11 |   });
      12 |
      13 | test('GET user - status 200 @regression @regression', async ({ }) => {
        at /Users/nguyettruong/Desktop/autoTest/tests/api/user-api.spec.ts:10:31

    Error: expect(received).toBe(expected) // Object.is equality

    Expected: 201
    Received: 400

      31 |     });
      32 |   
    > 33 |     expect(response.status()).toBe(201);
         |                               ^
      34 |   
      35 |     const responseBody = await response.json();
      36 |     expect(responseBody.data).toHaveProperty('user_id');
        at /Users/nguyettruong/Desktop/autoTest/tests/api/user-api.spec.ts:33:31
]]>
</failure>
</testcase>
</testsuite>
<testsuite name="api/user-api.spec.ts" timestamp="2025-05-07T08:45:44.179Z" hostname="webkit" tests="2" failures="1" skipped="0" time="1.262" errors="0">
<testcase name="GET heathly - status 200 @smoke" classname="api/user-api.spec.ts" time="0.804">
</testcase>
<testcase name="POST login - status 201 and data check @smoke" classname="api/user-api.spec.ts" time="0.458">
<failure message="user-api.spec.ts:23:5 POST login - status 201 and data check @smoke" type="FAILURE">
<![CDATA[  [webkit] › api/user-api.spec.ts:23:5 › POST login - status 201 and data check @smoke ─────────────

    Error: toBeOK can be only used with APIResponse object

       8 |   
       9 |     const responseBody = await response.json();
    > 10 |     expect(responseBody.data).toBeOK();
         |                               ^
      11 |   });
      12 |
      13 | test('GET user - status 200 @regression @regression', async ({ }) => {
        at /Users/nguyettruong/Desktop/autoTest/tests/api/user-api.spec.ts:10:31

    Error: expect(received).toBe(expected) // Object.is equality

    Expected: 201
    Received: 400

      31 |     });
      32 |   
    > 33 |     expect(response.status()).toBe(201);
         |                               ^
      34 |   
      35 |     const responseBody = await response.json();
      36 |     expect(responseBody.data).toHaveProperty('user_id');
        at /Users/nguyettruong/Desktop/autoTest/tests/api/user-api.spec.ts:33:31
]]>
</failure>
</testcase>
</testsuite>
<testsuite name="api/user-api.spec.ts" timestamp="2025-05-07T08:45:44.179Z" hostname="chrome" tests="2" failures="1" skipped="0" time="1.257" errors="0">
<testcase name="GET heathly - status 200 @smoke" classname="api/user-api.spec.ts" time="0.797">
</testcase>
<testcase name="POST login - status 201 and data check @smoke" classname="api/user-api.spec.ts" time="0.46">
<failure message="user-api.spec.ts:23:5 POST login - status 201 and data check @smoke" type="FAILURE">
<![CDATA[  [chrome] › api/user-api.spec.ts:23:5 › POST login - status 201 and data check @smoke ─────────────

    Error: toBeOK can be only used with APIResponse object

       8 |   
       9 |     const responseBody = await response.json();
    > 10 |     expect(responseBody.data).toBeOK();
         |                               ^
      11 |   });
      12 |
      13 | test('GET user - status 200 @regression @regression', async ({ }) => {
        at /Users/nguyettruong/Desktop/autoTest/tests/api/user-api.spec.ts:10:31

    Error: expect(received).toBe(expected) // Object.is equality

    Expected: 201
    Received: 400

      31 |     });
      32 |   
    > 33 |     expect(response.status()).toBe(201);
         |                               ^
      34 |   
      35 |     const responseBody = await response.json();
      36 |     expect(responseBody.data).toHaveProperty('user_id');
        at /Users/nguyettruong/Desktop/autoTest/tests/api/user-api.spec.ts:33:31
]]>
</failure>
</testcase>
</testsuite>
</testsuites>